c:\battle_project\consoleapplication1\x64\debug\vc143.pdb
c:\battle_project\consoleapplication1\x64\debug\vc143.idb
c:\battle_project\consoleapplication1\x64\debug\unit.obj
c:\battle_project\consoleapplication1\x64\debug\randgen.obj
c:\battle_project\consoleapplication1\x64\debug\gunnery.obj
c:\battle_project\consoleapplication1\x64\debug\game.obj
c:\battle_project\consoleapplication1\x64\debug\earthtank.obj
c:\battle_project\consoleapplication1\x64\debug\earthsoldier.obj
c:\battle_project\consoleapplication1\x64\debug\eartharmy.obj
c:\battle_project\consoleapplication1\x64\debug\main.obj
c:\battle_project\consoleapplication1\x64\debug\heal.obj
c:\battle_project\consoleapplication1\x64\debug\aliensoldier.obj
c:\battle_project\consoleapplication1\x64\debug\alienmonster.obj
c:\battle_project\consoleapplication1\x64\debug\aliendrone.obj
c:\battle_project\consoleapplication1\x64\debug\alienarmy.obj
c:\battle_project\x64\debug\consoleapplication1.exe
c:\battle_project\consoleapplication1\x64\debug\consoleapplication1.ilk
c:\battle_project\x64\debug\consoleapplication1.pdb
c:\battle_project\consoleapplication1\x64\debug\consolea.e7bbce34.tlog\cl.command.1.tlog
c:\battle_project\consoleapplication1\x64\debug\consolea.e7bbce34.tlog\cl.items.tlog
c:\battle_project\consoleapplication1\x64\debug\consolea.e7bbce34.tlog\cl.read.1.tlog
c:\battle_project\consoleapplication1\x64\debug\consolea.e7bbce34.tlog\cl.write.1.tlog
c:\battle_project\consoleapplication1\x64\debug\consolea.e7bbce34.tlog\link.command.1.tlog
c:\battle_project\consoleapplication1\x64\debug\consolea.e7bbce34.tlog\link.read.1.tlog
c:\battle_project\consoleapplication1\x64\debug\consolea.e7bbce34.tlog\link.write.1.tlog
