  AlienArmy.cpp
  AlienDrone.cpp
C:\Users\walee\Desktop\project2\ConsoleApplication1\AlienDrone.cpp(12,13): warning C4244: 'initializing': conversion from 'double' to 'int', possible loss of data
  AlienMonster.cpp
C:\Users\walee\Desktop\project2\ConsoleApplication1\AlienMonster.cpp(10,13): warning C4244: 'initializing': conversion from 'double' to 'int', possible loss of data
  AlienSoldier.cpp
C:\Users\walee\Desktop\project2\ConsoleApplication1\AlienSoldier.cpp(11,13): warning C4244: 'initializing': conversion from 'double' to 'int', possible loss of data
  HEAL.cpp
C:\Users\walee\Desktop\project2\ConsoleApplication1\HEAL.cpp(9,23): warning C4244: 'initializing': conversion from 'double' to 'int', possible loss of data
  main.cpp
C:\Users\walee\Desktop\project2\ConsoleApplication1\EarthArmy.h(3,9): warning C4067: unexpected tokens following preprocessor directive - expected a newline
  EarthArmy.cpp
C:\Users\walee\Desktop\project2\ConsoleApplication1\EarthArmy.h(3,9): warning C4067: unexpected tokens following preprocessor directive - expected a newline
  EarthSoldier.cpp
C:\Users\walee\Desktop\project2\ConsoleApplication1\EarthSoldier.cpp(10,13): warning C4244: 'initializing': conversion from 'double' to 'int', possible loss of data
  EarthTank.cpp
C:\Users\walee\Desktop\project2\ConsoleApplication1\EarthTank.cpp(10,13): warning C4244: 'initializing': conversion from 'double' to 'int', possible loss of data
  Game.cpp
C:\Users\walee\Desktop\project2\ConsoleApplication1\EarthArmy.h(3,9): warning C4067: unexpected tokens following preprocessor directive - expected a newline
C:\Users\walee\Desktop\project2\ConsoleApplication1\Game.cpp(27,12): warning C4244: 'argument': conversion from 'time_t' to 'unsigned int', possible loss of data
C:\Users\walee\Desktop\project2\ConsoleApplication1\Game.cpp(475,13): warning C4244: 'argument': conversion from 'time_t' to 'unsigned int', possible loss of data
C:\Users\walee\Desktop\project2\ConsoleApplication1\Game.cpp(993,13): warning C4244: 'argument': conversion from 'time_t' to 'unsigned int', possible loss of data
  Gunnery.cpp
C:\Users\walee\Desktop\project2\ConsoleApplication1\Gunnery.cpp(10,13): warning C4244: 'initializing': conversion from 'double' to 'int', possible loss of data
  randGen.cpp
  Unit.cpp
C:\Users\walee\Desktop\project2\ConsoleApplication1\Unit.cpp(5,59): warning C4244: 'initializing': conversion from 'double' to 'int', possible loss of data
C:\Users\walee\Desktop\project2\ConsoleApplication1\Unit.cpp(5,69): warning C4244: 'initializing': conversion from 'double' to 'int', possible loss of data
C:\Users\walee\Desktop\project2\ConsoleApplication1\Unit.cpp(5,84): warning C4244: 'initializing': conversion from 'double' to 'int', possible loss of data
C:\Users\walee\Desktop\project2\ConsoleApplication1\Unit.cpp(10,18): warning C4244: '=': conversion from 'double' to 'int', possible loss of data
  Generating Code...
  LINK : C:\Users\walee\Desktop\project2\x64\Debug\ConsoleApplication1.exe not found or not built by the last incremental link; performing full link
  ConsoleApplication1.vcxproj -> C:\Users\walee\Desktop\project2\x64\Debug\ConsoleApplication1.exe
